# JRE version: OpenJDK Runtime Environment Corretto-21.0.11.10.1 (21.0.11+10) (build 21.0.11+10-LTS)
# Java VM: OpenJDK 64-Bit Server VM Corretto-21.0.11.10.1 (21.0.11+10-LTS, mixed mode, sharing, tiered, compressed oops, compressed class ptrs, g1 gc, windows-amd64)
GC Precious Log:
 CardTable entry size: 512
 Card Set container configuration: InlinePtr #cards 4 size 8 Array Of Cards #cards 16 size 48 Howl #buckets 8 coarsen threshold 3686 Howl Bitmap #cards 512 size 80 coarsen threshold 460 Card regions per heap region 1 cards per card region 4096
 CPUs: 12 total, 12 available
 Memory: 16122M
 Large Page Support: Disabled
 NUMA Support: Disabled
 Compressed Oops: Enabled (Zero based)
 Heap Region Size: 2M
 Heap Min Capacity: 8M
 Heap Initial Capacity: 252M
 Heap Max Capacity: 4G
 Pre-touch: Disabled
 Parallel Workers: 10
 Concurrent Workers: 3
 Concurrent Refinement Workers: 10
 Periodic GC: Disabled
Heap:
 garbage-first heap   total 204800K, used 145832K [0x0000000700000000, 0x0000000800000000)
  region size 2048K, 7 young (14336K), 4 survivors (8192K)
 Metaspace       used 123302K, committed 126144K, reserved 1179648K
  class space    used 17247K, committed 18624K, reserved 1048576K
GC Heap History (20 events):
Event: 37.937 GC heap before
{Heap before GC invocations=33 (full 0):
 garbage-first heap   total 172032K, used 151887K [0x0000000700000000, 0x0000000800000000)
  region size 2048K, 32 young (65536K), 4 survivors (8192K)
 Metaspace       used 97902K, committed 100544K, reserved 1179648K
  class space    used 13867K, committed 15168K, reserved 1048576K
}
Event: 37.947 GC heap after
{Heap after GC invocations=34 (full 0):
 garbage-first heap   total 172032K, used 97239K [0x0000000700000000, 0x0000000800000000)
  region size 2048K, 4 young (8192K), 4 survivors (8192K)
 Metaspace       used 97902K, committed 100544K, reserved 1179648K
  class space    used 13867K, committed 15168K, reserved 1048576K
}
Event: 39.376 GC heap before
{Heap before GC invocations=35 (full 0):
 garbage-first heap   total 172032K, used 152535K [0x0000000700000000, 0x0000000800000000)
  region size 2048K, 31 young (63488K), 4 survivors (8192K)
 Metaspace       used 101199K, committed 103872K, reserved 1179648K
  class space    used 14382K, committed 15680K, reserved 1048576K
}
Event: 39.386 GC heap after
{Heap after GC invocations=36 (full 0):
 garbage-first heap   total 172032K, used 101896K [0x0000000700000000, 0x0000000800000000)
  region size 2048K, 4 young (8192K), 4 survivors (8192K)
 Metaspace       used 101199K, committed 103872K, reserved 1179648K
  class space    used 14382K, committed 15680K, reserved 1048576K
}
Event: 40.523 GC heap before
{Heap before GC invocations=36 (full 0):
 garbage-first heap   total 172032K, used 155144K [0x0000000700000000, 0x0000000800000000)
  region size 2048K, 30 young (61440K), 4 survivors (8192K)
 Metaspace       used 104136K, committed 106752K, reserved 1179648K
  class space    used 14780K, committed 16064K, reserved 1048576K
}
Event: 40.532 GC heap after
{Heap after GC invocations=37 (full 0):
 garbage-first heap   total 172032K, used 104542K [0x0000000700000000, 0x0000000800000000)
  region size 2048K, 2 young (4096K), 2 survivors (4096K)
 Metaspace       used 104136K, committed 106752K, reserved 1179648K
  class space    used 14780K, committed 16064K, reserved 1048576K
}
Event: 41.691 GC heap before
{Heap before GC invocations=37 (full 0):
 garbage-first heap   total 172032K, used 155742K [0x0000000700000000, 0x0000000800000000)
  region size 2048K, 27 young (55296K), 2 survivors (4096K)
 Metaspace       used 106738K, committed 109376K, reserved 1179648K
  class space    used 15170K, committed 16448K, reserved 1048576K
}
Event: 41.698 GC heap after
{Heap after GC invocations=38 (full 0):
 garbage-first heap   total 172032K, used 107358K [0x0000000700000000, 0x0000000800000000)
  region size 2048K, 4 young (8192K), 4 survivors (8192K)
 Metaspace       used 106738K, committed 109376K, reserved 1179648K
  class space    used 15170K, committed 16448K, reserved 1048576K
}
Event: 43.235 GC heap before
{Heap before GC invocations=39 (full 0):
 garbage-first heap   total 184320K, used 156510K [0x0000000700000000, 0x0000000800000000)
  region size 2048K, 28 young (57344K), 4 survivors (8192K)
 Metaspace       used 109596K, committed 112320K, reserved 1179648K
  class space    used 15628K, committed 16960K, reserved 1048576K
}
Event: 43.244 GC heap after
{Heap after GC invocations=40 (full 0):
 garbage-first heap   total 184320K, used 110168K [0x0000000700000000, 0x0000000800000000)
  region size 2048K, 3 young (6144K), 3 survivors (6144K)
 Metaspace       used 109596K, committed 112320K, reserved 1179648K
  class space    used 15628K, committed 16960K, reserved 1048576K
}
Event: 44.560 GC heap before
{Heap before GC invocations=40 (full 0):
 garbage-first heap   total 184320K, used 169560K [0x0000000700000000, 0x0000000800000000)
  region size 2048K, 32 young (65536K), 3 survivors (6144K)
 Metaspace       used 113609K, committed 116416K, reserved 1179648K
  class space    used 16234K, committed 17600K, reserved 1048576K
}
Event: 44.572 GC heap after
{Heap after GC invocations=41 (full 0):
 garbage-first heap   total 184320K, used 113111K [0x0000000700000000, 0x0000000800000000)
  region size 2048K, 3 young (6144K), 3 survivors (6144K)
 Metaspace       used 113609K, committed 116416K, reserved 1179648K
  class space    used 16234K, committed 17600K, reserved 1048576K
}
Event: 45.873 GC heap before
{Heap before GC invocations=41 (full 0):
 garbage-first heap   total 184320K, used 170455K [0x0000000700000000, 0x0000000800000000)
  region size 2048K, 31 young (63488K), 3 survivors (6144K)
 Metaspace       used 117622K, committed 120320K, reserved 1179648K
  class space    used 16720K, committed 18048K, reserved 1048576K
}
Event: 45.883 GC heap after
{Heap after GC invocations=42 (full 0):
 garbage-first heap   total 184320K, used 116662K [0x0000000700000000, 0x0000000800000000)
  region size 2048K, 4 young (8192K), 4 survivors (8192K)
 Metaspace       used 117622K, committed 120320K, reserved 1179648K
  class space    used 16720K, committed 18048K, reserved 1048576K
}
Event: 47.076 GC heap before
{Heap before GC invocations=43 (full 0):
 garbage-first heap   total 198656K, used 169910K [0x0000000700000000, 0x0000000800000000)
  region size 2048K, 30 young (61440K), 4 survivors (8192K)
 Metaspace       used 119013K, committed 121728K, reserved 1179648K
  class space    used 16918K, committed 18240K, reserved 1048576K
}
Event: 47.089 GC heap after
{Heap after GC invocations=44 (full 0):
 garbage-first heap   total 198656K, used 123206K [0x0000000700000000, 0x0000000800000000)
  region size 2048K, 4 young (8192K), 4 survivors (8192K)
 Metaspace       used 119013K, committed 121728K, reserved 1179648K
  class space    used 16918K, committed 18240K, reserved 1048576K
}
Event: 48.280 GC heap before
{Heap before GC invocations=44 (full 0):
 garbage-first heap   total 198656K, used 180550K [0x0000000700000000, 0x0000000800000000)
  region size 2048K, 33 young (67584K), 4 survivors (8192K)
 Metaspace       used 121425K, committed 124160K, reserved 1179648K
  class space    used 17053K, committed 18368K, reserved 1048576K
}
Event: 48.296 GC heap after
{Heap after GC invocations=45 (full 0):
 garbage-first heap   total 204800K, used 133990K [0x0000000700000000, 0x0000000800000000)
  region size 2048K, 5 young (10240K), 5 survivors (10240K)
 Metaspace       used 121425K, committed 124160K, reserved 1179648K
  class space    used 17053K, committed 18368K, reserved 1048576K
}
Event: 49.769 GC heap before
{Heap before GC invocations=45 (full 0):
 garbage-first heap   total 204800K, used 185190K [0x0000000700000000, 0x0000000800000000)
  region size 2048K, 30 young (61440K), 5 survivors (10240K)
 Metaspace       used 123199K, committed 126016K, reserved 1179648K
  class space    used 17234K, committed 18624K, reserved 1048576K
}
Event: 49.785 GC heap after
{Heap after GC invocations=46 (full 0):
 garbage-first heap   total 204800K, used 141736K [0x0000000700000000, 0x0000000800000000)
  region size 2048K, 4 young (8192K), 4 survivors (8192K)
 Metaspace       used 123199K, committed 126016K, reserved 1179648K
  class space    used 17234K, committed 18624K, reserved 1048576K
}

